2023-07-13 17:18:52 Error: [MissingControllerException] Controller class CssController could not be found.
#0 /var/www/app/app/webroot/index.php(92): Dispatcher->dispatch(Object(CakeRequest), Object(CakeResponse))
#1 {main}
2023-07-13 17:18:56 Error: [MissingControllerException] Controller class CssController could not be found.
#0 /var/www/app/app/webroot/index.php(92): Dispatcher->dispatch(Object(CakeRequest), Object(CakeResponse))
#1 {main}
2023-07-13 17:19:23 Error: [MissingControllerException] Controller class CssController could not be found.
#0 /var/www/app/app/webroot/index.php(92): Dispatcher->dispatch(Object(CakeRequest), Object(CakeResponse))
#1 {main}
2023-07-13 17:19:31 Error: [MissingControllerException] Controller class CssController could not be found.
#0 /var/www/app/app/webroot/index.php(92): Dispatcher->dispatch(Object(CakeRequest), Object(CakeResponse))
#1 {main}
2023-07-13 17:19:37 Error: [MissingControllerException] Controller class CssController could not be found.
#0 /var/www/app/app/webroot/index.php(92): Dispatcher->dispatch(Object(CakeRequest), Object(CakeResponse))
#1 {main}
2023-07-13 17:20:24 Error: [MissingControllerException] Controller class CssController could not be found.
#0 /var/www/app/app/webroot/index.php(92): Dispatcher->dispatch(Object(CakeRequest), Object(CakeResponse))
#1 {main}
2023-07-13 17:20:27 Error: [MissingControllerException] Controller class CssController could not be found.
#0 /var/www/app/app/webroot/index.php(92): Dispatcher->dispatch(Object(CakeRequest), Object(CakeResponse))
#1 {main}
2023-07-13 17:20:32 Error: [MissingControllerException] Controller class CssController could not be found.
#0 /var/www/app/app/webroot/index.php(92): Dispatcher->dispatch(Object(CakeRequest), Object(CakeResponse))
#1 {main}
2023-07-13 17:23:16 Error: [MissingControllerException] Controller class CssController could not be found.
#0 /var/www/app/app/webroot/index.php(92): Dispatcher->dispatch(Object(CakeRequest), Object(CakeResponse))
#1 {main}
2023-07-13 17:33:37 Error: [MissingControllerException] Controller class CssController could not be found.
#0 /var/www/app/app/webroot/index.php(92): Dispatcher->dispatch(Object(CakeRequest), Object(CakeResponse))
#1 {main}
2023-07-13 17:34:00 Error: [MissingControllerException] Controller class CssController could not be found.
#0 /var/www/app/app/webroot/index.php(92): Dispatcher->dispatch(Object(CakeRequest), Object(CakeResponse))
#1 {main}
2023-07-13 17:34:16 Error: [MissingControllerException] Controller class CssController could not be found.
#0 /var/www/app/app/webroot/index.php(92): Dispatcher->dispatch(Object(CakeRequest), Object(CakeResponse))
#1 {main}
2023-07-13 17:34:28 Error: [MissingControllerException] Controller class CssController could not be found.
#0 /var/www/app/app/webroot/index.php(92): Dispatcher->dispatch(Object(CakeRequest), Object(CakeResponse))
#1 {main}
2023-07-13 17:34:39 Error: [MissingControllerException] Controller class CssController could not be found.
#0 /var/www/app/app/webroot/index.php(92): Dispatcher->dispatch(Object(CakeRequest), Object(CakeResponse))
#1 {main}
2023-07-13 17:35:11 Error: [MissingControllerException] Controller class CssController could not be found.
#0 /var/www/app/app/webroot/index.php(92): Dispatcher->dispatch(Object(CakeRequest), Object(CakeResponse))
#1 {main}
2023-07-13 17:37:28 Error: [MissingControllerException] Controller class CssController could not be found.
#0 /var/www/app/app/webroot/index.php(92): Dispatcher->dispatch(Object(CakeRequest), Object(CakeResponse))
#1 {main}
2023-07-13 17:37:32 Error: [MissingControllerException] Controller class CssController could not be found.
#0 /var/www/app/app/webroot/index.php(92): Dispatcher->dispatch(Object(CakeRequest), Object(CakeResponse))
#1 {main}
2023-07-13 17:39:59 Error: [MissingControllerException] Controller class CssController could not be found.
#0 /var/www/app/app/webroot/index.php(92): Dispatcher->dispatch(Object(CakeRequest), Object(CakeResponse))
#1 {main}
2023-07-13 17:40:06 Error: [MissingControllerException] Controller class CssController could not be found.
#0 /var/www/app/app/webroot/index.php(92): Dispatcher->dispatch(Object(CakeRequest), Object(CakeResponse))
#1 {main}
2023-07-13 17:40:11 Error: [MissingControllerException] Controller class CssController could not be found.
#0 /var/www/app/app/webroot/index.php(92): Dispatcher->dispatch(Object(CakeRequest), Object(CakeResponse))
#1 {main}
2023-07-13 17:40:15 Error: [MissingControllerException] Controller class CssController could not be found.
#0 /var/www/app/app/webroot/index.php(92): Dispatcher->dispatch(Object(CakeRequest), Object(CakeResponse))
#1 {main}
2023-07-13 17:41:33 Error: [MissingControllerException] Controller class CssController could not be found.
#0 /var/www/app/app/webroot/index.php(92): Dispatcher->dispatch(Object(CakeRequest), Object(CakeResponse))
#1 {main}
2023-07-13 17:41:36 Error: [MissingControllerException] Controller class CssController could not be found.
#0 /var/www/app/app/webroot/index.php(92): Dispatcher->dispatch(Object(CakeRequest), Object(CakeResponse))
#1 {main}
2023-07-13 19:14:50 Error: [MissingControllerException] Controller class CssController could not be found.
#0 /var/www/app/app/webroot/index.php(92): Dispatcher->dispatch(Object(CakeRequest), Object(CakeResponse))
#1 {main}
2023-07-13 19:14:57 Error: [MissingControllerException] Controller class CssController could not be found.
#0 /var/www/app/app/webroot/index.php(92): Dispatcher->dispatch(Object(CakeRequest), Object(CakeResponse))
#1 {main}
2023-07-14 14:49:28 Error: [MissingControllerException] Controller class CssController could not be found.
#0 /var/www/app/app/webroot/index.php(92): Dispatcher->dispatch(Object(CakeRequest), Object(CakeResponse))
#1 {main}
2023-07-14 14:52:15 Error: [MissingControllerException] Controller class CssController could not be found.
#0 /var/www/app/app/webroot/index.php(92): Dispatcher->dispatch(Object(CakeRequest), Object(CakeResponse))
#1 {main}
2023-07-14 15:11:26 Error: [MissingControllerException] Controller class CssController could not be found.
#0 /var/www/app/app/webroot/index.php(92): Dispatcher->dispatch(Object(CakeRequest), Object(CakeResponse))
#1 {main}
2023-07-14 15:11:31 Error: [MissingControllerException] Controller class CssController could not be found.
#0 /var/www/app/app/webroot/index.php(92): Dispatcher->dispatch(Object(CakeRequest), Object(CakeResponse))
#1 {main}
2023-07-14 15:11:39 Error: [MissingControllerException] Controller class CssController could not be found.
#0 /var/www/app/app/webroot/index.php(92): Dispatcher->dispatch(Object(CakeRequest), Object(CakeResponse))
#1 {main}
2023-07-14 15:14:09 Error: [MissingControllerException] Controller class CssController could not be found.
#0 /var/www/app/app/webroot/index.php(92): Dispatcher->dispatch(Object(CakeRequest), Object(CakeResponse))
#1 {main}
2023-07-14 15:14:27 Error: [MissingControllerException] Controller class CssController could not be found.
#0 /var/www/app/app/webroot/index.php(92): Dispatcher->dispatch(Object(CakeRequest), Object(CakeResponse))
#1 {main}
2023-07-14 15:14:46 Error: [MissingControllerException] Controller class CssController could not be found.
#0 /var/www/app/app/webroot/index.php(92): Dispatcher->dispatch(Object(CakeRequest), Object(CakeResponse))
#1 {main}
2023-07-14 15:14:54 Error: [MissingControllerException] Controller class CssController could not be found.
#0 /var/www/app/app/webroot/index.php(92): Dispatcher->dispatch(Object(CakeRequest), Object(CakeResponse))
#1 {main}
2023-07-14 15:14:59 Error: [MissingControllerException] Controller class CssController could not be found.
#0 /var/www/app/app/webroot/index.php(92): Dispatcher->dispatch(Object(CakeRequest), Object(CakeResponse))
#1 {main}
2023-07-14 15:15:09 Error: [MissingControllerException] Controller class CssController could not be found.
#0 /var/www/app/app/webroot/index.php(92): Dispatcher->dispatch(Object(CakeRequest), Object(CakeResponse))
#1 {main}
2023-07-14 15:15:31 Error: [MissingControllerException] Controller class CssController could not be found.
#0 /var/www/app/app/webroot/index.php(92): Dispatcher->dispatch(Object(CakeRequest), Object(CakeResponse))
#1 {main}
2023-07-14 15:15:36 Error: [MissingControllerException] Controller class CssController could not be found.
#0 /var/www/app/app/webroot/index.php(92): Dispatcher->dispatch(Object(CakeRequest), Object(CakeResponse))
#1 {main}
2023-07-14 15:15:46 Error: [MissingControllerException] Controller class CssController could not be found.
#0 /var/www/app/app/webroot/index.php(92): Dispatcher->dispatch(Object(CakeRequest), Object(CakeResponse))
#1 {main}
2023-07-14 15:16:21 Error: [MissingControllerException] Controller class CssController could not be found.
#0 /var/www/app/app/webroot/index.php(92): Dispatcher->dispatch(Object(CakeRequest), Object(CakeResponse))
#1 {main}
2023-07-14 15:16:29 Error: [MissingControllerException] Controller class CssController could not be found.
#0 /var/www/app/app/webroot/index.php(92): Dispatcher->dispatch(Object(CakeRequest), Object(CakeResponse))
#1 {main}
2023-07-14 15:16:33 Error: [MissingControllerException] Controller class CssController could not be found.
#0 /var/www/app/app/webroot/index.php(92): Dispatcher->dispatch(Object(CakeRequest), Object(CakeResponse))
#1 {main}
2023-07-14 15:16:57 Error: [MissingControllerException] Controller class CssController could not be found.
#0 /var/www/app/app/webroot/index.php(92): Dispatcher->dispatch(Object(CakeRequest), Object(CakeResponse))
#1 {main}
2023-07-14 15:17:01 Error: [MissingControllerException] Controller class CssController could not be found.
#0 /var/www/app/app/webroot/index.php(92): Dispatcher->dispatch(Object(CakeRequest), Object(CakeResponse))
#1 {main}
2023-07-14 15:17:20 Error: [MissingControllerException] Controller class CssController could not be found.
#0 /var/www/app/app/webroot/index.php(92): Dispatcher->dispatch(Object(CakeRequest), Object(CakeResponse))
#1 {main}
2023-07-14 15:17:39 Error: [MissingControllerException] Controller class CssController could not be found.
#0 /var/www/app/app/webroot/index.php(92): Dispatcher->dispatch(Object(CakeRequest), Object(CakeResponse))
#1 {main}
2023-07-14 15:17:51 Error: [MissingControllerException] Controller class CssController could not be found.
#0 /var/www/app/app/webroot/index.php(92): Dispatcher->dispatch(Object(CakeRequest), Object(CakeResponse))
#1 {main}
2023-07-14 15:17:58 Error: [MissingControllerException] Controller class CssController could not be found.
#0 /var/www/app/app/webroot/index.php(92): Dispatcher->dispatch(Object(CakeRequest), Object(CakeResponse))
#1 {main}
2023-07-14 15:20:10 Error: [MissingControllerException] Controller class CssController could not be found.
#0 /var/www/app/app/webroot/index.php(92): Dispatcher->dispatch(Object(CakeRequest), Object(CakeResponse))
#1 {main}
2023-07-14 15:21:14 Error: [MissingControllerException] Controller class CssController could not be found.
#0 /var/www/app/app/webroot/index.php(92): Dispatcher->dispatch(Object(CakeRequest), Object(CakeResponse))
#1 {main}
2023-07-14 15:22:15 Error: [MissingControllerException] Controller class CssController could not be found.
#0 /var/www/app/app/webroot/index.php(92): Dispatcher->dispatch(Object(CakeRequest), Object(CakeResponse))
#1 {main}
2023-07-14 15:22:34 Error: [MissingControllerException] Controller class CssController could not be found.
#0 /var/www/app/app/webroot/index.php(92): Dispatcher->dispatch(Object(CakeRequest), Object(CakeResponse))
#1 {main}
2023-07-14 15:23:43 Error: [MissingControllerException] Controller class CssController could not be found.
#0 /var/www/app/app/webroot/index.php(92): Dispatcher->dispatch(Object(CakeRequest), Object(CakeResponse))
#1 {main}
2023-07-14 15:24:19 Error: [MissingControllerException] Controller class CssController could not be found.
#0 /var/www/app/app/webroot/index.php(92): Dispatcher->dispatch(Object(CakeRequest), Object(CakeResponse))
#1 {main}
2023-07-14 15:24:24 Error: [MissingControllerException] Controller class CssController could not be found.
#0 /var/www/app/app/webroot/index.php(92): Dispatcher->dispatch(Object(CakeRequest), Object(CakeResponse))
#1 {main}
2023-07-14 15:25:23 Error: [MissingControllerException] Controller class CssController could not be found.
#0 /var/www/app/app/webroot/index.php(92): Dispatcher->dispatch(Object(CakeRequest), Object(CakeResponse))
#1 {main}
2023-07-14 15:26:56 Error: [MissingControllerException] Controller class CssController could not be found.
#0 /var/www/app/app/webroot/index.php(92): Dispatcher->dispatch(Object(CakeRequest), Object(CakeResponse))
#1 {main}
2023-07-14 15:27:27 Error: [MissingControllerException] Controller class CssController could not be found.
#0 /var/www/app/app/webroot/index.php(92): Dispatcher->dispatch(Object(CakeRequest), Object(CakeResponse))
#1 {main}
2023-07-14 15:37:05 Error: [MissingControllerException] Controller class CssController could not be found.
#0 /var/www/app/app/webroot/index.php(92): Dispatcher->dispatch(Object(CakeRequest), Object(CakeResponse))
#1 {main}
2023-07-14 15:37:09 Error: [MissingControllerException] Controller class CssController could not be found.
#0 /var/www/app/app/webroot/index.php(92): Dispatcher->dispatch(Object(CakeRequest), Object(CakeResponse))
#1 {main}
2023-07-14 15:37:49 Error: [MissingControllerException] Controller class CssController could not be found.
#0 /var/www/app/app/webroot/index.php(92): Dispatcher->dispatch(Object(CakeRequest), Object(CakeResponse))
#1 {main}
2023-07-14 15:37:51 Error: [MissingControllerException] Controller class CssController could not be found.
#0 /var/www/app/app/webroot/index.php(92): Dispatcher->dispatch(Object(CakeRequest), Object(CakeResponse))
#1 {main}
2023-07-14 16:10:28 Error: [MissingControllerException] Controller class CssController could not be found.
#0 /var/www/app/app/webroot/index.php(92): Dispatcher->dispatch(Object(CakeRequest), Object(CakeResponse))
#1 {main}
2023-07-14 16:10:33 Error: [MissingControllerException] Controller class CssController could not be found.
#0 /var/www/app/app/webroot/index.php(92): Dispatcher->dispatch(Object(CakeRequest), Object(CakeResponse))
#1 {main}
2023-07-14 16:11:34 Error: [MissingControllerException] Controller class CssController could not be found.
#0 /var/www/app/app/webroot/index.php(92): Dispatcher->dispatch(Object(CakeRequest), Object(CakeResponse))
#1 {main}
2023-07-15 15:46:31 Error: [MissingControllerException] Controller class CssController could not be found.
#0 /var/www/app/app/webroot/index.php(92): Dispatcher->dispatch(Object(CakeRequest), Object(CakeResponse))
#1 {main}
2023-07-15 15:46:51 Error: [MissingControllerException] Controller class CssController could not be found.
#0 /var/www/app/app/webroot/index.php(92): Dispatcher->dispatch(Object(CakeRequest), Object(CakeResponse))
#1 {main}
2023-07-15 15:46:58 Error: [MissingControllerException] Controller class CssController could not be found.
#0 /var/www/app/app/webroot/index.php(92): Dispatcher->dispatch(Object(CakeRequest), Object(CakeResponse))
#1 {main}
2023-07-15 15:47:13 Error: [MissingControllerException] Controller class CssController could not be found.
#0 /var/www/app/app/webroot/index.php(92): Dispatcher->dispatch(Object(CakeRequest), Object(CakeResponse))
#1 {main}
2023-07-15 15:47:19 Error: [MissingControllerException] Controller class CssController could not be found.
#0 /var/www/app/app/webroot/index.php(92): Dispatcher->dispatch(Object(CakeRequest), Object(CakeResponse))
#1 {main}
2023-07-15 15:48:00 Error: [MissingControllerException] Controller class CssController could not be found.
#0 /var/www/app/app/webroot/index.php(92): Dispatcher->dispatch(Object(CakeRequest), Object(CakeResponse))
#1 {main}
2023-07-15 15:50:35 Error: [MissingControllerException] Controller class CssController could not be found.
#0 /var/www/app/app/webroot/index.php(92): Dispatcher->dispatch(Object(CakeRequest), Object(CakeResponse))
#1 {main}
2023-07-15 15:50:42 Error: [MissingControllerException] Controller class CssController could not be found.
#0 /var/www/app/app/webroot/index.php(92): Dispatcher->dispatch(Object(CakeRequest), Object(CakeResponse))
#1 {main}
2023-07-16 10:14:12 Error: [MissingTableException] Table users for model User was not found in datasource default.
#0 /var/www/app/lib/Cake/Model/Model.php(3186): Model->setSource('users')
#1 /var/www/app/lib/Cake/Model/Model.php(2338): Model->getDataSource()
#2 /var/www/app/app/Controller/AppController.php(611): Model->updateAll(Array, Array)
#3 /var/www/app/app/Controller/AppController.php(135): AppController->updateUserLoginTime()
#4 /var/www/app/app/Controller/MessagesController.php(28): AppController->beforeFilter(false)
#5 [internal function]: MessagesController->beforeFilter(Object(CakeEvent))
#6 /var/www/app/lib/Cake/Event/CakeEventManager.php(246): call_user_func(Array, Object(CakeEvent))
#7 /var/www/app/lib/Cake/Controller/Controller.php(669): CakeEventManager->dispatch(Object(CakeEvent))
#8 /var/www/app/lib/Cake/Routing/Dispatcher.php(183): Controller->startupProcess()
#9 /var/www/app/lib/Cake/Routing/Dispatcher.php(161): Dispatcher->_invoke(Object(MessagesController), Object(CakeRequest), Object(CakeResponse))
#10 /var/www/app/app/webroot/index.php(92): Dispatcher->dispatch(Object(CakeRequest), Object(CakeResponse))
#11 {main}
2023-07-16 10:16:12 Error: [MissingTableException] Table users for model User was not found in datasource default.
#0 /var/www/app/lib/Cake/Model/Model.php(3186): Model->setSource('users')
#1 /var/www/app/lib/Cake/Model/Model.php(2338): Model->getDataSource()
#2 /var/www/app/app/Controller/AppController.php(611): Model->updateAll(Array, Array)
#3 /var/www/app/app/Controller/AppController.php(135): AppController->updateUserLoginTime()
#4 /var/www/app/app/Controller/MessagesController.php(28): AppController->beforeFilter(false)
#5 [internal function]: MessagesController->beforeFilter(Object(CakeEvent))
#6 /var/www/app/lib/Cake/Event/CakeEventManager.php(246): call_user_func(Array, Object(CakeEvent))
#7 /var/www/app/lib/Cake/Controller/Controller.php(669): CakeEventManager->dispatch(Object(CakeEvent))
#8 /var/www/app/lib/Cake/Routing/Dispatcher.php(183): Controller->startupProcess()
#9 /var/www/app/lib/Cake/Routing/Dispatcher.php(161): Dispatcher->_invoke(Object(MessagesController), Object(CakeRequest), Object(CakeResponse))
#10 /var/www/app/app/webroot/index.php(92): Dispatcher->dispatch(Object(CakeRequest), Object(CakeResponse))
#11 {main}
